<?xml version="1.0" encoding="UTF-8"?>
<testng-results skipped="0" failed="0" total="0" passed="0">
  <reporter-output>
  </reporter-output>
  <suite name="c.demo.CDEMO.AppTest" duration-ms="0" started-at="2018-11-03T06:33:11Z" finished-at="2018-11-03T06:33:11Z">
    <groups>
    </groups>
    <test name="Command line test" duration-ms="0" started-at="2018-11-03T06:33:11Z" finished-at="2018-11-03T06:33:11Z">
    </test> <!-- Command line test -->
  </suite> <!-- c.demo.CDEMO.AppTest -->
</testng-results>
